2022-05-18 14:05:53 INFO  ManageDriver :30 - Launching Chrome Browser
2022-05-18 14:05:717 INFO  HomePage :59 - enter Job Title <br>
2022-05-18 14:05:832 INFO  HomePage :63 - enter Location <br>
2022-05-18 14:05:927 INFO  HomePage :67 - select Distance DropDown                         
                             up to 1 mile
                        
                             up to 2 miles
                        
                             up to 5 miles
                        
                             up to 7 miles
                        
                             up to 10 miles
                        
                             up to 15 miles
                        
                             up to 25 miles
                        
                             up to 35 miles
                        
                             up to 50 miles
                        
                             up to 75 miles
                        
                             up to 100 miles
                        
                             up to 250 miles
                        
                             up to 500 miles
                        
                             up to 750 miles
                        
                    <br>
2022-05-18 14:05:49 INFO  HomePage :71 - click More Search Options Link More Search Options<br>
2022-05-18 14:05:295 INFO  ManageDriver :30 - Launching Chrome Browser
2022-05-18 14:05:530 INFO  HomePage :59 - enter Job Title <br>
2022-05-18 14:05:714 INFO  HomePage :63 - enter Location <br>
2022-05-18 14:05:862 INFO  HomePage :67 - select Distance DropDown                         
                             up to 1 mile
                        
                             up to 2 miles
                        
                             up to 5 miles
                        
                             up to 7 miles
                        
                             up to 10 miles
                        
                             up to 15 miles
                        
                             up to 25 miles
                        
                             up to 35 miles
                        
                             up to 50 miles
                        
                             up to 75 miles
                        
                             up to 100 miles
                        
                             up to 250 miles
                        
                             up to 500 miles
                        
                             up to 750 miles
                        
                    <br>
2022-05-18 14:05:946 INFO  HomePage :71 - click More Search Options Link More Search Options<br>
2022-05-18 14:05:255 INFO  ManageDriver :30 - Launching Chrome Browser
2022-05-18 14:05:91 INFO  HomePage :59 - enter Job Title <br>
2022-05-18 14:05:334 INFO  HomePage :63 - enter Location <br>
2022-05-18 14:05:491 INFO  HomePage :67 - select Distance DropDown                         
                             up to 1 mile
                        
                             up to 2 miles
                        
                             up to 5 miles
                        
                             up to 7 miles
                        
                             up to 10 miles
                        
                             up to 15 miles
                        
                             up to 25 miles
                        
                             up to 35 miles
                        
                             up to 50 miles
                        
                             up to 75 miles
                        
                             up to 100 miles
                        
                             up to 250 miles
                        
                             up to 500 miles
                        
                             up to 750 miles
                        
                    <br>
2022-05-18 14:05:681 INFO  HomePage :71 - click More Search Options Link More Search Options<br>
2022-05-18 14:05:68 INFO  ManageDriver :30 - Launching Chrome Browser
2022-05-18 14:05:61 INFO  HomePage :59 - enter Job Title <br>
2022-05-18 14:05:326 INFO  HomePage :63 - enter Location <br>
2022-05-18 14:05:515 INFO  HomePage :67 - select Distance DropDown                         
                             up to 1 mile
                        
                             up to 2 miles
                        
                             up to 5 miles
                        
                             up to 7 miles
                        
                             up to 10 miles
                        
                             up to 15 miles
                        
                             up to 25 miles
                        
                             up to 35 miles
                        
                             up to 50 miles
                        
                             up to 75 miles
                        
                             up to 100 miles
                        
                             up to 250 miles
                        
                             up to 500 miles
                        
                             up to 750 miles
                        
                    <br>
2022-05-18 14:05:680 INFO  HomePage :71 - click More Search Options Link More Search Options<br>
2022-05-18 14:05:973 INFO  ManageDriver :30 - Launching Chrome Browser
2022-05-18 14:05:447 INFO  HomePage :59 - enter Job Title <br>
2022-05-18 14:05:644 INFO  HomePage :63 - enter Location <br>
2022-05-18 14:05:790 INFO  HomePage :67 - select Distance DropDown                         
                             up to 1 mile
                        
                             up to 2 miles
                        
                             up to 5 miles
                        
                             up to 7 miles
                        
                             up to 10 miles
                        
                             up to 15 miles
                        
                             up to 25 miles
                        
                             up to 35 miles
                        
                             up to 50 miles
                        
                             up to 75 miles
                        
                             up to 100 miles
                        
                             up to 250 miles
                        
                             up to 500 miles
                        
                             up to 750 miles
                        
                    <br>
2022-05-18 14:05:914 INFO  HomePage :71 - click More Search Options Link More Search Options<br>
2022-05-18 14:05:281 INFO  ManageDriver :30 - Launching Chrome Browser
2022-05-18 14:05:234 INFO  HomePage :59 - enter Job Title <br>
2022-05-18 14:05:449 INFO  HomePage :63 - enter Location <br>
2022-05-18 14:05:589 INFO  HomePage :67 - select Distance DropDown                         
                             up to 1 mile
                        
                             up to 2 miles
                        
                             up to 5 miles
                        
                             up to 7 miles
                        
                             up to 10 miles
                        
                             up to 15 miles
                        
                             up to 25 miles
                        
                             up to 35 miles
                        
                             up to 50 miles
                        
                             up to 75 miles
                        
                             up to 100 miles
                        
                             up to 250 miles
                        
                             up to 500 miles
                        
                             up to 750 miles
                        
                    <br>
2022-05-18 14:05:711 INFO  HomePage :71 - click More Search Options Link More Search Options<br>
2022-05-18 14:05:37 INFO  ManageDriver :30 - Launching Chrome Browser
2022-05-18 14:05:31 INFO  HomePage :59 - enter Job Title <br>
2022-05-18 14:05:216 INFO  HomePage :63 - enter Location <br>
2022-05-18 14:05:560 INFO  HomePage :67 - select Distance DropDown                         
                             up to 1 mile
                        
                             up to 2 miles
                        
                             up to 5 miles
                        
                             up to 7 miles
                        
                             up to 10 miles
                        
                             up to 15 miles
                        
                             up to 25 miles
                        
                             up to 35 miles
                        
                             up to 50 miles
                        
                             up to 75 miles
                        
                             up to 100 miles
                        
                             up to 250 miles
                        
                             up to 500 miles
                        
                             up to 750 miles
                        
                    <br>
2022-05-18 14:05:688 INFO  HomePage :71 - click More Search Options Link More Search Options<br>
2022-05-18 15:05:838 INFO  ManageDriver :30 - Launching Chrome Browser
2022-05-18 15:05:242 INFO  HomePage :59 - enter Job Title <br>
2022-05-18 15:05:410 INFO  HomePage :63 - enter Location <br>
2022-05-18 15:05:518 INFO  HomePage :67 - select Distance DropDown                         
                             up to 1 mile
                        
                             up to 2 miles
                        
                             up to 5 miles
                        
                             up to 7 miles
                        
                             up to 10 miles
                        
                             up to 15 miles
                        
                             up to 25 miles
                        
                             up to 35 miles
                        
                             up to 50 miles
                        
                             up to 75 miles
                        
                             up to 100 miles
                        
                             up to 250 miles
                        
                             up to 500 miles
                        
                             up to 750 miles
                        
                    <br>
2022-05-18 15:05:650 INFO  HomePage :71 - click More Search Options Link More Search Options<br>
2022-05-18 15:05:894 INFO  ManageDriver :30 - Launching Chrome Browser
2022-05-18 15:05:01 INFO  HomePage :59 - enter Job Title <br>
2022-05-18 15:05:201 INFO  HomePage :63 - enter Location <br>
2022-05-18 15:05:332 INFO  HomePage :67 - select Distance DropDown                         
                             up to 1 mile
                        
                             up to 2 miles
                        
                             up to 5 miles
                        
                             up to 7 miles
                        
                             up to 10 miles
                        
                             up to 15 miles
                        
                             up to 25 miles
                        
                             up to 35 miles
                        
                             up to 50 miles
                        
                             up to 75 miles
                        
                             up to 100 miles
                        
                             up to 250 miles
                        
                             up to 500 miles
                        
                             up to 750 miles
                        
                    <br>
2022-05-18 15:05:414 INFO  HomePage :71 - click More Search Options Link More Search Options<br>
2022-05-18 15:05:714 INFO  ManageDriver :30 - Launching Chrome Browser
2022-05-18 15:05:290 INFO  HomePage :59 - enter Job Title <br>
2022-05-18 15:05:499 INFO  HomePage :63 - enter Location <br>
2022-05-18 15:05:640 INFO  HomePage :67 - select Distance DropDown                         
                             up to 1 mile
                        
                             up to 2 miles
                        
                             up to 5 miles
                        
                             up to 7 miles
                        
                             up to 10 miles
                        
                             up to 15 miles
                        
                             up to 25 miles
                        
                             up to 35 miles
                        
                             up to 50 miles
                        
                             up to 75 miles
                        
                             up to 100 miles
                        
                             up to 250 miles
                        
                             up to 500 miles
                        
                             up to 750 miles
                        
                    <br>
2022-05-18 15:05:393 INFO  HomePage :71 - click More Search Options Link More Search Options<br>
2022-05-18 15:05:738 INFO  ManageDriver :30 - Launching Chrome Browser
2022-05-18 15:05:235 INFO  HomePage :59 - enter Job Title <br>
2022-05-18 15:05:512 INFO  HomePage :63 - enter Location <br>
2022-05-18 15:05:655 INFO  HomePage :67 - select Distance DropDown                         
                             up to 1 mile
                        
                             up to 2 miles
                        
                             up to 5 miles
                        
                             up to 7 miles
                        
                             up to 10 miles
                        
                             up to 15 miles
                        
                             up to 25 miles
                        
                             up to 35 miles
                        
                             up to 50 miles
                        
                             up to 75 miles
                        
                             up to 100 miles
                        
                             up to 250 miles
                        
                             up to 500 miles
                        
                             up to 750 miles
                        
                    <br>
2022-05-18 15:05:786 INFO  HomePage :71 - click More Search Options Link More Search Options<br>
2022-05-18 15:05:184 INFO  ManageDriver :30 - Launching Chrome Browser
2022-05-18 15:05:818 INFO  HomePage :59 - enter Job Title <br>
2022-05-18 15:05:64 INFO  HomePage :63 - enter Location <br>
2022-05-18 15:05:271 INFO  HomePage :67 - select Distance DropDown                         
                             up to 1 mile
                        
                             up to 2 miles
                        
                             up to 5 miles
                        
                             up to 7 miles
                        
                             up to 10 miles
                        
                             up to 15 miles
                        
                             up to 25 miles
                        
                             up to 35 miles
                        
                             up to 50 miles
                        
                             up to 75 miles
                        
                             up to 100 miles
                        
                             up to 250 miles
                        
                             up to 500 miles
                        
                             up to 750 miles
                        
                    <br>
2022-05-18 15:05:429 INFO  HomePage :71 - click More Search Options Link More Search Options<br>
2022-05-18 15:05:797 INFO  ManageDriver :30 - Launching Chrome Browser
2022-05-18 15:05:460 INFO  HomePage :59 - enter Job Title <br>
2022-05-18 15:05:703 INFO  HomePage :63 - enter Location <br>
2022-05-18 15:05:863 INFO  HomePage :67 - select Distance DropDown                         
                             up to 1 mile
                        
                             up to 2 miles
                        
                             up to 5 miles
                        
                             up to 7 miles
                        
                             up to 10 miles
                        
                             up to 15 miles
                        
                             up to 25 miles
                        
                             up to 35 miles
                        
                             up to 50 miles
                        
                             up to 75 miles
                        
                             up to 100 miles
                        
                             up to 250 miles
                        
                             up to 500 miles
                        
                             up to 750 miles
                        
                    <br>
2022-05-18 15:05:32 INFO  HomePage :71 - click More Search Options Link More Search Options<br>
2022-05-18 15:05:367 INFO  ManageDriver :30 - Launching Chrome Browser
2022-05-18 15:05:862 INFO  HomePage :59 - enter Job Title <br>
2022-05-18 15:05:88 INFO  HomePage :63 - enter Location <br>
2022-05-18 15:05:262 INFO  HomePage :67 - select Distance DropDown                         
                             up to 1 mile
                        
                             up to 2 miles
                        
                             up to 5 miles
                        
                             up to 7 miles
                        
                             up to 10 miles
                        
                             up to 15 miles
                        
                             up to 25 miles
                        
                             up to 35 miles
                        
                             up to 50 miles
                        
                             up to 75 miles
                        
                             up to 100 miles
                        
                             up to 250 miles
                        
                             up to 500 miles
                        
                             up to 750 miles
                        
                    <br>
2022-05-18 15:05:433 INFO  HomePage :71 - click More Search Options Link More Search Options<br>
2022-05-18 15:05:376 INFO  ManageDriver :30 - Launching Chrome Browser
2022-05-18 15:05:847 INFO  HomePage :59 - enter Job Title <br>
2022-05-18 15:05:972 INFO  HomePage :63 - enter Location <br>
2022-05-18 15:05:87 INFO  HomePage :67 - select Distance DropDown                         
                             up to 1 mile
                        
                             up to 2 miles
                        
                             up to 5 miles
                        
                             up to 7 miles
                        
                             up to 10 miles
                        
                             up to 15 miles
                        
                             up to 25 miles
                        
                             up to 35 miles
                        
                             up to 50 miles
                        
                             up to 75 miles
                        
                             up to 100 miles
                        
                             up to 250 miles
                        
                             up to 500 miles
                        
                             up to 750 miles
                        
                    <br>
2022-05-18 15:05:213 INFO  HomePage :71 - click More Search Options Link More Search Options<br>
2022-05-18 15:05:473 INFO  ManageDriver :30 - Launching Chrome Browser
2022-05-18 15:05:978 INFO  HomePage :59 - enter Job Title <br>
2022-05-18 15:05:230 INFO  HomePage :63 - enter Location <br>
2022-05-18 15:05:583 INFO  HomePage :67 - select Distance DropDown                         
                             up to 1 mile
                        
                             up to 2 miles
                        
                             up to 5 miles
                        
                             up to 7 miles
                        
                             up to 10 miles
                        
                             up to 15 miles
                        
                             up to 25 miles
                        
                             up to 35 miles
                        
                             up to 50 miles
                        
                             up to 75 miles
                        
                             up to 100 miles
                        
                             up to 250 miles
                        
                             up to 500 miles
                        
                             up to 750 miles
                        
                    <br>
2022-05-18 15:05:325 INFO  HomePage :71 - click More Search Options Link More Search Options<br>
2022-05-18 15:05:648 INFO  ManageDriver :30 - Launching Chrome Browser
2022-05-18 15:05:225 INFO  HomePage :59 - enter Job Title <br>
2022-05-18 15:05:439 INFO  HomePage :63 - enter Location <br>
2022-05-18 15:05:574 INFO  HomePage :67 - select Distance DropDown                         
                             up to 1 mile
                        
                             up to 2 miles
                        
                             up to 5 miles
                        
                             up to 7 miles
                        
                             up to 10 miles
                        
                             up to 15 miles
                        
                             up to 25 miles
                        
                             up to 35 miles
                        
                             up to 50 miles
                        
                             up to 75 miles
                        
                             up to 100 miles
                        
                             up to 250 miles
                        
                             up to 500 miles
                        
                             up to 750 miles
                        
                    <br>
2022-05-18 15:05:720 INFO  HomePage :71 - click More Search Options Link More Search Options<br>
2022-05-18 15:05:45 INFO  ManageDriver :30 - Launching Chrome Browser
